<?xml version="1.0" encoding="UTF-8"?>
<!-- Generated by org.testng.reporters.JUnitReportReporter -->
<testsuite hostname="sandhya" failures="0" tests="1" name="introductionmaven.test1" time="0.018" errors="0" timestamp="2022-06-26T12:54:58 IST" skipped="0">
  <testcase classname="introductionmaven.test1" name="integerstreams" time="0.018"/>
  <system-out/>
</testsuite> <!-- introductionmaven.test1 -->
